\BOOKMARK [0][-]{chapter*.3}{Agradecimientos}{}% 1
\BOOKMARK [0][-]{chapter*.4}{Resumen}{}% 2
\BOOKMARK [0][-]{chapter*.5}{Abstract}{}% 3
\BOOKMARK [0][-]{chapter.1}{Introducci\363n}{}% 4
\BOOKMARK [1][-]{section.1.1}{Contexto y Motivaci\363n}{chapter.1}% 5
\BOOKMARK [1][-]{section.1.2}{Definici\363n del problema}{chapter.1}% 6
\BOOKMARK [1][-]{section.1.3}{Justificaci\363n}{chapter.1}% 7
\BOOKMARK [1][-]{section.1.4}{Objetivos}{chapter.1}% 8
\BOOKMARK [1][-]{section.1.5}{Objetivos espec\355ficos}{chapter.1}% 9
\BOOKMARK [1][-]{section.1.6}{Organizaci\363n de la tesis}{chapter.1}% 10
\BOOKMARK [0][-]{chapter.2}{Marco te\363rico y Antecedentes }{}% 11
\BOOKMARK [1][-]{section.2.1}{Desambiguaci\363n del sentido de las palabras \(WSD\)}{chapter.2}% 12
\BOOKMARK [1][-]{section.2.2}{Clasificaci\363n de sistemas en WSD}{chapter.2}% 13
\BOOKMARK [2][-]{subsection.2.2.1}{M\351todos basados en conocimiento}{section.2.2}% 14
\BOOKMARK [2][-]{subsection.2.2.2}{M\351todos no supervisados basados en corpus}{section.2.2}% 15
\BOOKMARK [2][-]{subsection.2.2.3}{M\351todos supervisados basados en corpus}{section.2.2}% 16
\BOOKMARK [2][-]{subsection.2.2.4}{M\351todos h\355bridos}{section.2.2}% 17
\BOOKMARK [0][-]{chapter.3}{Formalismos y/o teor\355a propuesta}{}% 18
\BOOKMARK [1][-]{section.3.1}{Arquitectura un sistema de PLN}{chapter.3}% 19
\BOOKMARK [1][-]{section.3.2}{Problema del procesamiento de lenguaje natural}{chapter.3}% 20
\BOOKMARK [0][-]{chapter.4}{Experimentaci\363n o evaluaci\363n emp\355rica}{}% 21
\BOOKMARK [1][-]{section.4.1}{Notaci\363n Matem\341tica}{chapter.4}% 22
\BOOKMARK [0][-]{chapter.5}{Resultados y/o Evaluaciones}{}% 23
\BOOKMARK [1][-]{section.5.1}{Conclusiones}{chapter.5}% 24
\BOOKMARK [1][-]{section.5.2}{Contribuciones}{chapter.5}% 25
\BOOKMARK [1][-]{section.5.3}{Trabajo futuro}{chapter.5}% 26
\BOOKMARK [0][-]{section.5.3}{Bibliograf\355a}{}% 27
