\BOOKMARK [0][-]{chapter*.3}{\376\377\000A\000g\000r\000a\000d\000e\000c\000i\000m\000i\000e\000n\000t\000o\000s}{}% 1
\BOOKMARK [0][-]{chapter*.4}{\376\377\000R\000e\000s\000u\000m\000e\000n}{}% 2
\BOOKMARK [0][-]{chapter*.5}{\376\377\000A\000b\000s\000t\000r\000a\000c\000t}{}% 3
\BOOKMARK [0][-]{chapter.1}{\376\377\000I\000n\000t\000r\000o\000d\000u\000c\000c\000i\000\363\000n}{}% 4
\BOOKMARK [1][-]{section.1.1}{\376\377\000C\000o\000n\000t\000e\000x\000t\000o\000\040\000y\000\040\000M\000o\000t\000i\000v\000a\000c\000i\000\363\000n}{chapter.1}% 5
\BOOKMARK [1][-]{section.1.2}{\376\377\000D\000e\000f\000i\000n\000i\000c\000i\000\363\000n\000\040\000d\000e\000l\000\040\000p\000r\000o\000b\000l\000e\000m\000a}{chapter.1}% 6
\BOOKMARK [1][-]{section.1.3}{\376\377\000J\000u\000s\000t\000i\000f\000i\000c\000a\000c\000i\000\363\000n}{chapter.1}% 7
\BOOKMARK [1][-]{section.1.4}{\376\377\000O\000b\000j\000e\000t\000i\000v\000o\000s}{chapter.1}% 8
\BOOKMARK [1][-]{section.1.5}{\376\377\000O\000r\000g\000a\000n\000i\000z\000a\000c\000i\000\363\000n\000\040\000d\000e\000\040\000l\000a\000\040\000t\000e\000s\000i\000s}{chapter.1}% 9
\BOOKMARK [0][-]{chapter.2}{\376\377\000M\000a\000r\000c\000o\000\040\000t\000e\000\363\000r\000i\000c\000o\000\040\000y\000\040\000A\000n\000t\000e\000c\000e\000d\000e\000n\000t\000e\000s\000\040}{}% 10
\BOOKMARK [0][-]{chapter.3}{\376\377\000F\000o\000r\000m\000a\000l\000i\000s\000m\000o\000s\000\040\000y\000/\000o\000\040\000t\000e\000o\000r\000\355\000a\000\040\000p\000r\000o\000p\000u\000e\000s\000t\000a}{}% 11
\BOOKMARK [1][-]{section.3.1}{\376\377\000I\000n\000s\000t\000a\000l\000a\000c\000i\000\363\000n\000\040\000d\000e\000\040\000L\000a\000T\000e\000X}{chapter.3}% 12
\BOOKMARK [0][-]{chapter.4}{\376\377\000E\000x\000p\000e\000r\000i\000m\000e\000n\000t\000a\000c\000i\000\363\000n\000\040\000o\000\040\000e\000v\000a\000l\000u\000a\000c\000i\000\363\000n\000\040\000e\000m\000p\000\355\000r\000i\000c\000a}{}% 13
\BOOKMARK [1][-]{section.4.1}{\376\377\000N\000o\000t\000a\000c\000i\000\363\000n\000\040\000M\000a\000t\000e\000m\000\341\000t\000i\000c\000a}{chapter.4}% 14
\BOOKMARK [0][-]{chapter.5}{\376\377\000R\000e\000s\000u\000l\000t\000a\000d\000o\000s\000\040\000y\000/\000o\000\040\000E\000v\000a\000l\000u\000a\000c\000i\000o\000n\000e\000s}{}% 15
\BOOKMARK [1][-]{section.5.1}{\376\377\000C\000o\000n\000c\000l\000u\000s\000i\000o\000n\000e\000s}{chapter.5}% 16
\BOOKMARK [1][-]{section.5.2}{\376\377\000C\000o\000n\000t\000r\000i\000b\000u\000c\000i\000o\000n\000e\000s}{chapter.5}% 17
\BOOKMARK [1][-]{section.5.3}{\376\377\000T\000r\000a\000b\000a\000j\000o\000\040\000f\000u\000t\000u\000r\000o}{chapter.5}% 18
\BOOKMARK [0][-]{appendix.Alph1}{\376\377\000F\000o\000r\000m\000a\000t\000o\000\040\000d\000e\000\040\000l\000a\000\040\000p\000l\000a\000n\000t\000i\000l\000l\000a}{}% 19
\BOOKMARK [1][-]{section.Alph1.1}{\376\377\000D\000a\000t\000o\000s\000\040\000d\000e\000\040\000l\000a\000\040\000t\000e\000s\000i\000s}{appendix.Alph1}% 20
\BOOKMARK [1][-]{section.Alph1.2}{\376\377\000G\000e\000n\000e\000r\000a\000r\000\040\000d\000e\000\040\000l\000a\000\040\000t\000e\000s\000i\000s}{appendix.Alph1}% 21
\BOOKMARK [0][-]{appendix.Alph2}{\376\377\000A\000r\000c\000h\000i\000v\000o\000s\000\040\000I\000n\000c\000l\000u\000i\000d\000o\000s}{}% 22
\BOOKMARK [0][-]{appendix.Alph2}{\376\377\000B\000i\000b\000l\000i\000o\000g\000r\000a\000f\000\355\000a}{}% 23
